\BOOKMARK [0][-]{chapter.1}{\376\377\000i\000n\000d\000e\000x\000.\000p\000y\000,\000\040\000T\000h\000e\000\040\000h\000o\000m\000e\000\040\000o\000f\000\040\000o\000u\000r\000\040\000A\000P\000I}{}% 1
\BOOKMARK [1][-]{section.1.1}{\376\377\000D\000e\000s\000c\000r\000i\000p\000t\000i\000o\000n\000\040\000a\000n\000d\000\040\000C\000o\000p\000y\000r\000i\000g\000h\000t\000\040\000n\000o\000t\000i\000c\000e\000.}{chapter.1}% 2
\BOOKMARK [1][-]{section.1.2}{\376\377\000N\000o\000t\000e\000s}{chapter.1}% 3
\BOOKMARK [0][-]{chapter.2}{\376\377\000W\000O\000L\000-\000A\000P\000I}{}% 4
\BOOKMARK [1][-]{section.2.1}{\376\377\000W\000a\000t\000c\000h\000-\000o\000n\000-\000L\000B\000R\000Y\000\040\000A\000P\000I\000\040\000p\000r\000o\000x\000y\000\040\000t\000h\000a\000t\000\040\000s\000a\000v\000e\000s\000\040\000d\000a\000t\000a\000\040\000f\000r\000o\000m\000\040\000L\000B\000R\000Y\000\040\000t\000o\000\040\000a\000\040\000d\000a\000t\000a\000b\000a\000s\000e}{chapter.2}% 5
\BOOKMARK [0][-]{chapter.3}{\376\377\000C\000l\000a\000s\000s\000\040\000D\000o\000c\000u\000m\000e\000n\000t\000a\000t\000i\000o\000n}{}% 6
\BOOKMARK [1][-]{section.3.1}{\376\377\000a\000p\000i\000m\000o\000d\000.\000a\000p\000c\000n\000f\000.\000C\000o\000n\000f\000i\000g\000\040\000C\000l\000a\000s\000s\000\040\000R\000e\000f\000e\000r\000e\000n\000c\000e}{chapter.3}% 7
\BOOKMARK [2][-]{subsection.3.1.1}{\376\377\000D\000e\000t\000a\000i\000l\000e\000d\000\040\000D\000e\000s\000c\000r\000i\000p\000t\000i\000o\000n}{section.3.1}% 8
\BOOKMARK [0][-]{chapter.4}{\376\377\000F\000i\000l\000e\000\040\000D\000o\000c\000u\000m\000e\000n\000t\000a\000t\000i\000o\000n}{}% 9
\BOOKMARK [1][-]{section.4.1}{\376\377\000i\000n\000d\000e\000x\000.\000p\000y\000\040\000F\000i\000l\000e\000\040\000R\000e\000f\000e\000r\000e\000n\000c\000e}{chapter.4}% 10
\BOOKMARK [2][-]{subsection.4.1.1}{\376\377\000D\000e\000t\000a\000i\000l\000e\000d\000\040\000D\000e\000s\000c\000r\000i\000p\000t\000i\000o\000n}{section.4.1}% 11
\BOOKMARK [2][-]{subsection.4.1.2}{\376\377\000d\000e\000s\000c\000r\000i\000p\000t\000i\000o\000n\000\137\000i\000n\000d\000e\000x}{section.4.1}% 12
\BOOKMARK [2][-]{subsection.4.1.3}{\376\377\000L\000i\000b\000r\000a\000r\000i\000e\000s\000/\000M\000o\000d\000u\000l\000e\000s}{section.4.1}% 13
\BOOKMARK [2][-]{subsection.4.1.4}{\376\377\000T\000o\000D\000o}{section.4.1}% 14
\BOOKMARK [2][-]{subsection.4.1.5}{\376\377\000A\000u\000t\000h\000o\000r\000\050\000s\000\051}{section.4.1}% 15
\BOOKMARK [2][-]{subsection.4.1.6}{\376\377\000F\000u\000n\000c\000t\000i\000o\000n\000\040\000D\000o\000c\000u\000m\000e\000n\000t\000a\000t\000i\000o\000n}{section.4.1}% 16
\BOOKMARK [3][-]{subsubsection.4.1.6.1}{\376\377\000e\000r\000r\000o\000r\000\137\000r\000e\000p\000o\000r\000t\000\050\000\051}{subsection.4.1.6}% 17
\BOOKMARK [3][-]{subsubsection.4.1.6.2}{\376\377\000g\000e\000t\000d\000b\000c\000o\000u\000n\000t\000\050\000\051}{subsection.4.1.6}% 18
\BOOKMARK [3][-]{subsubsection.4.1.6.3}{\376\377\000g\000e\000t\000l\000c\000h\000\050\000\051}{subsection.4.1.6}% 19
\BOOKMARK [3][-]{subsubsection.4.1.6.4}{\376\377\000g\000e\000t\000l\000u\000r\000l\000\050\000\051}{subsection.4.1.6}% 20
\BOOKMARK [3][-]{subsubsection.4.1.6.5}{\376\377\000i\000s\000o\000n\000l\000i\000n\000e\000\050\000\051}{subsection.4.1.6}% 21
\BOOKMARK [3][-]{subsubsection.4.1.6.6}{\376\377\000r\000e\000t\000\137\000o\000k\000\050\000\051}{subsection.4.1.6}% 22
\BOOKMARK [3][-]{subsubsection.4.1.6.7}{\376\377\000s\000u\000b\000m\000v\000\050\000\051}{subsection.4.1.6}% 23
\BOOKMARK [2][-]{subsection.4.1.7}{\376\377\000V\000a\000r\000i\000a\000b\000l\000e\000\040\000D\000o\000c\000u\000m\000e\000n\000t\000a\000t\000i\000o\000n}{section.4.1}% 24
\BOOKMARK [3][-]{subsubsection.4.1.7.1}{\376\377\000c\000o\000n}{subsection.4.1.7}% 25
